# JRE version: 7.0_04-b22
# Java VM: Java HotSpot(TM) Client VM (23.0-b21 mixed mode windows-x86 )
Heap
 def new generation   total 35584K, used 13529K [0x10050000, 0x126e0000, 0x18050000)
  eden space 31680K,  34% used [0x10050000, 0x10b227d0, 0x11f40000)
  from space 3904K,  62% used [0x11f40000, 0x121a3e88, 0x12310000)
  to   space 3904K,   0% used [0x12310000, 0x12310000, 0x126e0000)
 tenured generation   total 78852K, used 53962K [0x18050000, 0x1cd51000, 0x28050000)
   the space 78852K,  68% used [0x18050000, 0x1b5029a0, 0x1b502a00, 0x1cd51000)
 compacting perm gen  total 48128K, used 48104K [0x28050000, 0x2af50000, 0x38050000)
   the space 48128K,  99% used [0x28050000, 0x2af4a038, 0x2af4a200, 0x2af50000)
GC Heap History (10 events):
Event: 19.465 GC heap after
Heap after GC invocations=64 (full 5):
 def new generation   total 35584K, used 0K [0x10050000, 0x126e0000, 0x18050000)
  eden space 31680K,   0% used [0x10050000, 0x10050000, 0x11f40000)
  from space 3904K,   0% used [0x11f40000, 0x11f40000, 0x12310000)
  to   space 3904K,   0% used [0x12310000, 0x12310000, 0x126e0000)
 tenured generation   total 78852K, used 47309K [0x18050000, 0x1cd51000, 0x28050000)
   the space 78852K,  59% used [0x18050000, 0x1ae837c8, 0x1ae83800, 0x1cd51000)
 compacting perm gen  total 45056K, used 45055K [0x28050000, 0x2ac50000, 0x38050000)
   the space 45056K,  99% used [0x28050000, 0x2ac4fff8, 0x2ac50000, 0x2ac50000)
No shared spaces configured.
}
Event: 19.809 GC heap before
{Heap before GC invocations=64 (full 5):
 def new generation   total 35584K, used 31824K [0x10050000, 0x126e0000, 0x18050000)
  eden space 31680K, 100% used [0x10050000, 0x11f40000, 0x11f40000)
  from space 3904K,   3% used [0x11f40000, 0x11f642f0, 0x12310000)
  to   space 3904K,   0% used [0x12310000, 0x12310000, 0x126e0000)
 tenured generation   total 78852K, used 47309K [0x18050000, 0x1cd51000, 0x28050000)
   the space 78852K,  59% used [0x18050000, 0x1ae837c8, 0x1ae83800, 0x1cd51000)
 compacting perm gen  total 46080K, used 45879K [0x28050000, 0x2ad50000, 0x38050000)
   the space 46080K,  99% used [0x28050000, 0x2ad1ddc0, 0x2ad1de00, 0x2ad50000)
No shared spaces configured.
Event: 19.829 GC heap after
Heap after GC invocations=65 (full 5):
 def new generation   total 35584K, used 1421K [0x10050000, 0x126e0000, 0x18050000)
  eden space 31680K,   0% used [0x10050000, 0x10050000, 0x11f40000)
  from space 3904K,  36% used [0x12310000, 0x12473770, 0x126e0000)
  to   space 3904K,   0% used [0x11f40000, 0x11f40000, 0x12310000)
 tenured generation   total 78852K, used 52114K [0x18050000, 0x1cd51000, 0x28050000)
   the space 78852K,  66% used [0x18050000, 0x1b334bd8, 0x1b334c00, 0x1cd51000)
 compacting perm gen  total 46080K, used 45879K [0x28050000, 0x2ad50000, 0x38050000)
   the space 46080K,  99% used [0x28050000, 0x2ad1ddc0, 0x2ad1de00, 0x2ad50000)
No shared spaces configured.
}
Event: 20.652 GC heap before
{Heap before GC invocations=65 (full 5):
 def new generation   total 35584K, used 33101K [0x10050000, 0x126e0000, 0x18050000)
  eden space 31680K, 100% used [0x10050000, 0x11f40000, 0x11f40000)
  from space 3904K,  36% used [0x12310000, 0x12473770, 0x126e0000)
  to   space 3904K,   0% used [0x11f40000, 0x11f40000, 0x12310000)
 tenured generation   total 78852K, used 52114K [0x18050000, 0x1cd51000, 0x28050000)
   the space 78852K,  66% used [0x18050000, 0x1b334bd8, 0x1b334c00, 0x1cd51000)
 compacting perm gen  total 47872K, used 47688K [0x28050000, 0x2af10000, 0x38050000)
   the space 47872K,  99% used [0x28050000, 0x2aee20b8, 0x2aee2200, 0x2af10000)
No shared spaces configured.
Event: 20.666 GC heap after
Heap after GC invocations=66 (full 5):
 def new generation   total 35584K, used 2390K [0x10050000, 0x126e0000, 0x18050000)
  eden space 31680K,   0% used [0x10050000, 0x10050000, 0x11f40000)
  from space 3904K,  61% used [0x11f40000, 0x12195af8, 0x12310000)
  to   space 3904K,   0% used [0x12310000, 0x12310000, 0x126e0000)
 tenured generation   total 78852K, used 52114K [0x18050000, 0x1cd51000, 0x28050000)
   the space 78852K,  66% used [0x18050000, 0x1b334bd8, 0x1b334c00, 0x1cd51000)
 compacting perm gen  total 47872K, used 47688K [0x28050000, 0x2af10000, 0x38050000)
   the space 47872K,  99% used [0x28050000, 0x2aee20b8, 0x2aee2200, 0x2af10000)
No shared spaces configured.
}
Event: 21.400 GC heap before
{Heap before GC invocations=66 (full 5):
 def new generation   total 35584K, used 34070K [0x10050000, 0x126e0000, 0x18050000)
  eden space 31680K, 100% used [0x10050000, 0x11f40000, 0x11f40000)
  from space 3904K,  61% used [0x11f40000, 0x12195af8, 0x12310000)
  to   space 3904K,   0% used [0x12310000, 0x12310000, 0x126e0000)
 tenured generation   total 78852K, used 52114K [0x18050000, 0x1cd51000, 0x28050000)
   the space 78852K,  66% used [0x18050000, 0x1b334bd8, 0x1b334c00, 0x1cd51000)
 compacting perm gen  total 48128K, used 48100K [0x28050000, 0x2af50000, 0x38050000)
   the space 48128K,  99% used [0x28050000, 0x2af49150, 0x2af49200, 0x2af50000)
No shared spaces configured.
Event: 21.427 GC heap after
Heap after GC invocations=67 (full 5):
 def new generation   total 35584K, used 3135K [0x10050000, 0x126e0000, 0x18050000)
  eden space 31680K,   0% used [0x10050000, 0x10050000, 0x11f40000)
  from space 3904K,  80% used [0x12310000, 0x1261fdc0, 0x126e0000)
  to   space 3904K,   0% used [0x11f40000, 0x11f40000, 0x12310000)
 tenured generation   total 78852K, used 52806K [0x18050000, 0x1cd51000, 0x28050000)
   the space 78852K,  66% used [0x18050000, 0x1b3e1b30, 0x1b3e1c00, 0x1cd51000)
 compacting perm gen  total 48128K, used 48100K [0x28050000, 0x2af50000, 0x38050000)
   the space 48128K,  99% used [0x28050000, 0x2af49150, 0x2af49200, 0x2af50000)
No shared spaces configured.
}
Event: 22.969 GC heap before
{Heap before GC invocations=67 (full 5):
 def new generation   total 35584K, used 34815K [0x10050000, 0x126e0000, 0x18050000)
  eden space 31680K, 100% used [0x10050000, 0x11f40000, 0x11f40000)
  from space 3904K,  80% used [0x12310000, 0x1261fdc0, 0x126e0000)
  to   space 3904K,   0% used [0x11f40000, 0x11f40000, 0x12310000)
 tenured generation   total 78852K, used 52806K [0x18050000, 0x1cd51000, 0x28050000)
   the space 78852K,  66% used [0x18050000, 0x1b3e1b30, 0x1b3e1c00, 0x1cd51000)
 compacting perm gen  total 48128K, used 48102K [0x28050000, 0x2af50000, 0x38050000)
   the space 48128K,  99% used [0x28050000, 0x2af499e0, 0x2af49a00, 0x2af50000)
No shared spaces configured.
Event: 22.993 GC heap after
Heap after GC invocations=68 (full 5):
 def new generation   total 35584K, used 2447K [0x10050000, 0x126e0000, 0x18050000)
  eden space 31680K,   0% used [0x10050000, 0x10050000, 0x11f40000)
  from space 3904K,  62% used [0x11f40000, 0x121a3e88, 0x12310000)
  to   space 3904K,   0% used [0x12310000, 0x12310000, 0x126e0000)
 tenured generation   total 78852K, used 53962K [0x18050000, 0x1cd51000, 0x28050000)
   the space 78852K,  68% used [0x18050000, 0x1b5029a0, 0x1b502a00, 0x1cd51000)
 compacting perm gen  total 48128K, used 48102K [0x28050000, 0x2af50000, 0x38050000)
   the space 48128K,  99% used [0x28050000, 0x2af499e0, 0x2af49a00, 0x2af50000)
No shared spaces configured.
}
Event: 23.470 GC heap before
{Heap before GC invocations=68 (full 5):
 def new generation   total 35584K, used 13529K [0x10050000, 0x126e0000, 0x18050000)
  eden space 31680K,  34% used [0x10050000, 0x10b227d0, 0x11f40000)
  from space 3904K,  62% used [0x11f40000, 0x121a3e88, 0x12310000)
  to   space 3904K,   0% used [0x12310000, 0x12310000, 0x126e0000)
 tenured generation   total 78852K, used 53962K [0x18050000, 0x1cd51000, 0x28050000)
   the space 78852K,  68% used [0x18050000, 0x1b5029a0, 0x1b502a00, 0x1cd51000)
 compacting perm gen  total 48128K, used 48104K [0x28050000, 0x2af50000, 0x38050000)
   the space 48128K,  99% used [0x28050000, 0x2af4a038, 0x2af4a200, 0x2af50000)
No shared spaces configured.

