# JRE version: 7.0_04-b20
# Java VM: Java HotSpot(TM) Client VM (23.0-b21 mixed mode windows-x86 )
Heap
 def new generation   total 78528K, used 21804K [0x10050000, 0x15580000, 0x18050000)
  eden space 69824K,  24% used [0x10050000, 0x110c3b00, 0x14480000)
  from space 8704K,  56% used [0x14d00000, 0x151d78c8, 0x15580000)
  to   space 8704K,   0% used [0x14480000, 0x14480000, 0x14d00000)
 tenured generation   total 174412K, used 126591K [0x18050000, 0x22aa3000, 0x28050000)
   the space 174412K,  72% used [0x18050000, 0x1fbefe58, 0x1fbf0000, 0x22aa3000)
 compacting perm gen  total 54784K, used 54564K [0x28050000, 0x2b5d0000, 0x38050000)
   the space 54784K,  99% used [0x28050000, 0x2b5993e0, 0x2b599400, 0x2b5d0000)
GC Heap History (10 events):
Event: 2486.678 GC heap before
{Heap before GC invocations=245 (full 8):
 def new generation   total 78528K, used 74398K [0x10050000, 0x15580000, 0x18050000)
  eden space 69824K, 100% used [0x10050000, 0x14480000, 0x14480000)
  from space 8704K,  52% used [0x14480000, 0x148f7af0, 0x14d00000)
  to   space 8704K,   0% used [0x14d00000, 0x14d00000, 0x15580000)
 tenured generation   total 174412K, used 125118K [0x18050000, 0x22aa3000, 0x28050000)
   the space 174412K,  71% used [0x18050000, 0x1fa7f8d0, 0x1fa7fa00, 0x22aa3000)
 compacting perm gen  total 54784K, used 54561K [0x28050000, 0x2b5d0000, 0x38050000)
   the space 54784K,  99% used [0x28050000, 0x2b598540, 0x2b598600, 0x2b5d0000)
No shared spaces configured.
Event: 2486.700 GC heap after
Heap after GC invocations=246 (full 8):
 def new generation   total 78528K, used 3430K [0x10050000, 0x15580000, 0x18050000)
  eden space 69824K,   0% used [0x10050000, 0x10050000, 0x14480000)
  from space 8704K,  39% used [0x14d00000, 0x15059af0, 0x15580000)
  to   space 8704K,   0% used [0x14480000, 0x14480000, 0x14d00000)
 tenured generation   total 174412K, used 125658K [0x18050000, 0x22aa3000, 0x28050000)
   the space 174412K,  72% used [0x18050000, 0x1fb06888, 0x1fb06a00, 0x22aa3000)
 compacting perm gen  total 54784K, used 54561K [0x28050000, 0x2b5d0000, 0x38050000)
   the space 54784K,  99% used [0x28050000, 0x2b598540, 0x2b598600, 0x2b5d0000)
No shared spaces configured.
}
Event: 2494.711 GC heap before
{Heap before GC invocations=246 (full 8):
 def new generation   total 78528K, used 73254K [0x10050000, 0x15580000, 0x18050000)
  eden space 69824K, 100% used [0x10050000, 0x14480000, 0x14480000)
  from space 8704K,  39% used [0x14d00000, 0x15059af0, 0x15580000)
  to   space 8704K,   0% used [0x14480000, 0x14480000, 0x14d00000)
 tenured generation   total 174412K, used 125658K [0x18050000, 0x22aa3000, 0x28050000)
   the space 174412K,  72% used [0x18050000, 0x1fb06888, 0x1fb06a00, 0x22aa3000)
 compacting perm gen  total 54784K, used 54564K [0x28050000, 0x2b5d0000, 0x38050000)
   the space 54784K,  99% used [0x28050000, 0x2b5993b0, 0x2b599400, 0x2b5d0000)
No shared spaces configured.
Event: 2494.730 GC heap after
Heap after GC invocations=247 (full 8):
 def new generation   total 78528K, used 3900K [0x10050000, 0x15580000, 0x18050000)
  eden space 69824K,   0% used [0x10050000, 0x10050000, 0x14480000)
  from space 8704K,  44% used [0x14480000, 0x1484f0d0, 0x14d00000)
  to   space 8704K,   0% used [0x14d00000, 0x14d00000, 0x15580000)
 tenured generation   total 174412K, used 125658K [0x18050000, 0x22aa3000, 0x28050000)
   the space 174412K,  72% used [0x18050000, 0x1fb06888, 0x1fb06a00, 0x22aa3000)
 compacting perm gen  total 54784K, used 54564K [0x28050000, 0x2b5d0000, 0x38050000)
   the space 54784K,  99% used [0x28050000, 0x2b5993b0, 0x2b599400, 0x2b5d0000)
No shared spaces configured.
}
Event: 2500.819 GC heap before
{Heap before GC invocations=247 (full 8):
 def new generation   total 78528K, used 73724K [0x10050000, 0x15580000, 0x18050000)
  eden space 69824K, 100% used [0x10050000, 0x14480000, 0x14480000)
  from space 8704K,  44% used [0x14480000, 0x1484f0d0, 0x14d00000)
  to   space 8704K,   0% used [0x14d00000, 0x14d00000, 0x15580000)
 tenured generation   total 174412K, used 125658K [0x18050000, 0x22aa3000, 0x28050000)
   the space 174412K,  72% used [0x18050000, 0x1fb06888, 0x1fb06a00, 0x22aa3000)
 compacting perm gen  total 54784K, used 54564K [0x28050000, 0x2b5d0000, 0x38050000)
   the space 54784K,  99% used [0x28050000, 0x2b5993b0, 0x2b599400, 0x2b5d0000)
No shared spaces configured.
Event: 2500.840 GC heap after
Heap after GC invocations=248 (full 8):
 def new generation   total 78528K, used 4578K [0x10050000, 0x15580000, 0x18050000)
  eden space 69824K,   0% used [0x10050000, 0x10050000, 0x14480000)
  from space 8704K,  52% used [0x14d00000, 0x151788b0, 0x15580000)
  to   space 8704K,   0% used [0x14480000, 0x14480000, 0x14d00000)
 tenured generation   total 174412K, used 125658K [0x18050000, 0x22aa3000, 0x28050000)
   the space 174412K,  72% used [0x18050000, 0x1fb06888, 0x1fb06a00, 0x22aa3000)
 compacting perm gen  total 54784K, used 54564K [0x28050000, 0x2b5d0000, 0x38050000)
   the space 54784K,  99% used [0x28050000, 0x2b5993b0, 0x2b599400, 0x2b5d0000)
No shared spaces configured.
}
Event: 2512.516 GC heap before
{Heap before GC invocations=248 (full 8):
 def new generation   total 78528K, used 74402K [0x10050000, 0x15580000, 0x18050000)
  eden space 69824K, 100% used [0x10050000, 0x14480000, 0x14480000)
  from space 8704K,  52% used [0x14d00000, 0x151788b0, 0x15580000)
  to   space 8704K,   0% used [0x14480000, 0x14480000, 0x14d00000)
 tenured generation   total 174412K, used 125658K [0x18050000, 0x22aa3000, 0x28050000)
   the space 174412K,  72% used [0x18050000, 0x1fb06888, 0x1fb06a00, 0x22aa3000)
 compacting perm gen  total 54784K, used 54564K [0x28050000, 0x2b5d0000, 0x38050000)
   the space 54784K,  99% used [0x28050000, 0x2b5993b0, 0x2b599400, 0x2b5d0000)
No shared spaces configured.
Event: 2512.537 GC heap after
Heap after GC invocations=249 (full 8):
 def new generation   total 78528K, used 4850K [0x10050000, 0x15580000, 0x18050000)
  eden space 69824K,   0% used [0x10050000, 0x10050000, 0x14480000)
  from space 8704K,  55% used [0x14480000, 0x1493ca80, 0x14d00000)
  to   space 8704K,   0% used [0x14d00000, 0x14d00000, 0x15580000)
 tenured generation   total 174412K, used 126091K [0x18050000, 0x22aa3000, 0x28050000)
   the space 174412K,  72% used [0x18050000, 0x1fb72d28, 0x1fb72e00, 0x22aa3000)
 compacting perm gen  total 54784K, used 54564K [0x28050000, 0x2b5d0000, 0x38050000)
   the space 54784K,  99% used [0x28050000, 0x2b5993b0, 0x2b599400, 0x2b5d0000)
No shared spaces configured.
}
Event: 2524.079 GC heap before
{Heap before GC invocations=249 (full 8):
 def new generation   total 78528K, used 74674K [0x10050000, 0x15580000, 0x18050000)
  eden space 69824K, 100% used [0x10050000, 0x14480000, 0x14480000)
  from space 8704K,  55% used [0x14480000, 0x1493ca80, 0x14d00000)
  to   space 8704K,   0% used [0x14d00000, 0x14d00000, 0x15580000)
 tenured generation   total 174412K, used 126091K [0x18050000, 0x22aa3000, 0x28050000)
   the space 174412K,  72% used [0x18050000, 0x1fb72d28, 0x1fb72e00, 0x22aa3000)
 compacting perm gen  total 54784K, used 54564K [0x28050000, 0x2b5d0000, 0x38050000)
   the space 54784K,  99% used [0x28050000, 0x2b5993e0, 0x2b599400, 0x2b5d0000)
No shared spaces configured.
Event: 2524.098 GC heap after
Heap after GC invocations=250 (full 8):
 def new generation   total 78528K, used 4958K [0x10050000, 0x15580000, 0x18050000)
  eden space 69824K,   0% used [0x10050000, 0x10050000, 0x14480000)
  from space 8704K,  56% used [0x14d00000, 0x151d78c8, 0x15580000)
  to   space 8704K,   0% used [0x14480000, 0x14480000, 0x14d00000)
 tenured generation   total 174412K, used 126591K [0x18050000, 0x22aa3000, 0x28050000)
   the space 174412K,  72% used [0x18050000, 0x1fbefe58, 0x1fbf0000, 0x22aa3000)
 compacting perm gen  total 54784K, used 54564K [0x28050000, 0x2b5d0000, 0x38050000)
   the space 54784K,  99% used [0x28050000, 0x2b5993e0, 0x2b599400, 0x2b5d0000)
No shared spaces configured.
}

