# JRE version: 7.0_04-b22
# Java VM: Java HotSpot(TM) Client VM (23.0-b21 mixed mode windows-x86 )
Heap
 def new generation   total 40896K, used 8573K [0x10050000, 0x12cb0000, 0x18050000)
  eden space 36352K,  23% used [0x10050000, 0x108af600, 0x123d0000)
  from space 4544K,   0% used [0x123d0000, 0x123d0000, 0x12840000)
  to   space 4544K,   0% used [0x12840000, 0x12840000, 0x12cb0000)
 tenured generation   total 90796K, used 54131K [0x18050000, 0x1d8fb000, 0x28050000)
   the space 90796K,  59% used [0x18050000, 0x1b52cda0, 0x1b106600, 0x1d8fb000)
 compacting perm gen  total 46848K, used 46810K [0x28050000, 0x2ae10000, 0x38050000)
   the space 46848K,  99% used [0x28050000, 0x2ae06838, 0x2ae06a00, 0x2ae10000)
GC Heap History (10 events):
Event: 19.272 GC heap after
Heap after GC invocations=64 (full 5):
 def new generation   total 39552K, used 1594K [0x10050000, 0x12b30000, 0x18050000)
  eden space 35200K,   0% used [0x10050000, 0x10050000, 0x122b0000)
  from space 4352K,  36% used [0x122b0000, 0x1243eb30, 0x126f0000)
  to   space 4352K,   0% used [0x126f0000, 0x126f0000, 0x12b30000)
 tenured generation   total 87672K, used 52601K [0x18050000, 0x1d5ee000, 0x28050000)
   the space 87672K,  59% used [0x18050000, 0x1b3ae490, 0x1b3ae600, 0x1d5ee000)
 compacting perm gen  total 46848K, used 46695K [0x28050000, 0x2ae10000, 0x38050000)
   the space 46848K,  99% used [0x28050000, 0x2ade9f48, 0x2adea000, 0x2ae10000)
No shared spaces configured.
}
Event: 20.422 GC heap before
{Heap before GC invocations=64 (full 5):
 def new generation   total 39552K, used 36794K [0x10050000, 0x12b30000, 0x18050000)
  eden space 35200K, 100% used [0x10050000, 0x122b0000, 0x122b0000)
  from space 4352K,  36% used [0x122b0000, 0x1243eb30, 0x126f0000)
  to   space 4352K,   0% used [0x126f0000, 0x126f0000, 0x12b30000)
 tenured generation   total 87672K, used 52601K [0x18050000, 0x1d5ee000, 0x28050000)
   the space 87672K,  59% used [0x18050000, 0x1b3ae490, 0x1b3ae600, 0x1d5ee000)
 compacting perm gen  total 46848K, used 46807K [0x28050000, 0x2ae10000, 0x38050000)
   the space 46848K,  99% used [0x28050000, 0x2ae05e20, 0x2ae06000, 0x2ae10000)
No shared spaces configured.
Event: 20.447 GC heap after
Heap after GC invocations=65 (full 5):
 def new generation   total 39552K, used 4078K [0x10050000, 0x12b30000, 0x18050000)
  eden space 35200K,   0% used [0x10050000, 0x10050000, 0x122b0000)
  from space 4352K,  93% used [0x126f0000, 0x12aeb850, 0x12b30000)
  to   space 4352K,   0% used [0x122b0000, 0x122b0000, 0x126f0000)
 tenured generation   total 87672K, used 52601K [0x18050000, 0x1d5ee000, 0x28050000)
   the space 87672K,  59% used [0x18050000, 0x1b3ae490, 0x1b3ae600, 0x1d5ee000)
 compacting perm gen  total 46848K, used 46807K [0x28050000, 0x2ae10000, 0x38050000)
   the space 46848K,  99% used [0x28050000, 0x2ae05e20, 0x2ae06000, 0x2ae10000)
No shared spaces configured.
}
Event: 22.015 GC heap before
{Heap before GC invocations=65 (full 5):
 def new generation   total 39552K, used 39278K [0x10050000, 0x12b30000, 0x18050000)
  eden space 35200K, 100% used [0x10050000, 0x122b0000, 0x122b0000)
  from space 4352K,  93% used [0x126f0000, 0x12aeb850, 0x12b30000)
  to   space 4352K,   0% used [0x122b0000, 0x122b0000, 0x126f0000)
 tenured generation   total 87672K, used 52601K [0x18050000, 0x1d5ee000, 0x28050000)
   the space 87672K,  59% used [0x18050000, 0x1b3ae490, 0x1b3ae600, 0x1d5ee000)
 compacting perm gen  total 46848K, used 46809K [0x28050000, 0x2ae10000, 0x38050000)
   the space 46848K,  99% used [0x28050000, 0x2ae06690, 0x2ae06800, 0x2ae10000)
No shared spaces configured.
Event: 22.047 GC heap after
Heap after GC invocations=66 (full 5):
 def new generation   total 39552K, used 1361K [0x10050000, 0x12b30000, 0x18050000)
  eden space 35200K,   0% used [0x10050000, 0x10050000, 0x122b0000)
  from space 4352K,  31% used [0x122b0000, 0x12404700, 0x126f0000)
  to   space 4352K,   0% used [0x126f0000, 0x126f0000, 0x12b30000)
 tenured generation   total 87672K, used 56392K [0x18050000, 0x1d5ee000, 0x28050000)
   the space 87672K,  64% used [0x18050000, 0x1b762090, 0x1b762200, 0x1d5ee000)
 compacting perm gen  total 46848K, used 46809K [0x28050000, 0x2ae10000, 0x38050000)
   the space 46848K,  99% used [0x28050000, 0x2ae06690, 0x2ae06800, 0x2ae10000)
No shared spaces configured.
}
Event: 22.807 GC heap before
{Heap before GC invocations=66 (full 5):
 def new generation   total 39552K, used 16764K [0x10050000, 0x12b30000, 0x18050000)
  eden space 35200K,  43% used [0x10050000, 0x10f5ab58, 0x122b0000)
  from space 4352K,  31% used [0x122b0000, 0x12404700, 0x126f0000)
  to   space 4352K,   0% used [0x126f0000, 0x126f0000, 0x12b30000)
 tenured generation   total 87672K, used 56392K [0x18050000, 0x1d5ee000, 0x28050000)
   the space 87672K,  64% used [0x18050000, 0x1b762090, 0x1b762200, 0x1d5ee000)
 compacting perm gen  total 46848K, used 46811K [0x28050000, 0x2ae10000, 0x38050000)
   the space 46848K,  99% used [0x28050000, 0x2ae06dc8, 0x2ae06e00, 0x2ae10000)
No shared spaces configured.
Event: 23.209 GC heap after
Heap after GC invocations=67 (full 6):
 def new generation   total 40896K, used 0K [0x10050000, 0x12cb0000, 0x18050000)
  eden space 36352K,   0% used [0x10050000, 0x10050000, 0x123d0000)
  from space 4544K,   0% used [0x123d0000, 0x123d0000, 0x12840000)
  to   space 4544K,   0% used [0x12840000, 0x12840000, 0x12cb0000)
 tenured generation   total 90796K, used 54477K [0x18050000, 0x1d8fb000, 0x28050000)
   the space 90796K,  59% used [0x18050000, 0x1b5835d0, 0x1b583600, 0x1d8fb000)
 compacting perm gen  total 46848K, used 46811K [0x28050000, 0x2ae10000, 0x38050000)
   the space 46848K,  99% used [0x28050000, 0x2ae06dc8, 0x2ae06e00, 0x2ae10000)
No shared spaces configured.
}
Event: 23.365 GC heap before
{Heap before GC invocations=67 (full 6):
 def new generation   total 40896K, used 3319K [0x10050000, 0x12cb0000, 0x18050000)
  eden space 36352K,   9% used [0x10050000, 0x1038dd00, 0x123d0000)
  from space 4544K,   0% used [0x123d0000, 0x123d0000, 0x12840000)
  to   space 4544K,   0% used [0x12840000, 0x12840000, 0x12cb0000)
 tenured generation   total 90796K, used 54477K [0x18050000, 0x1d8fb000, 0x28050000)
   the space 90796K,  59% used [0x18050000, 0x1b5835d0, 0x1b583600, 0x1d8fb000)
 compacting perm gen  total 46848K, used 46817K [0x28050000, 0x2ae10000, 0x38050000)
   the space 46848K,  99% used [0x28050000, 0x2ae08678, 0x2ae08800, 0x2ae10000)
No shared spaces configured.
Event: 23.746 GC heap after
Heap after GC invocations=68 (full 7):
 def new generation   total 40896K, used 0K [0x10050000, 0x12cb0000, 0x18050000)
  eden space 36352K,   0% used [0x10050000, 0x10050000, 0x123d0000)
  from space 4544K,   0% used [0x123d0000, 0x123d0000, 0x12840000)
  to   space 4544K,   0% used [0x12840000, 0x12840000, 0x12cb0000)
 tenured generation   total 90796K, used 54131K [0x18050000, 0x1d8fb000, 0x28050000)
   the space 90796K,  59% used [0x18050000, 0x1b52cda0, 0x1b52ce00, 0x1d8fb000)
 compacting perm gen  total 46848K, used 46817K [0x28050000, 0x2ae10000, 0x38050000)
   the space 46848K,  99% used [0x28050000, 0x2ae08678, 0x2ae08800, 0x2ae10000)
No shared spaces configured.
}
Event: 24.074 GC heap before
{Heap before GC invocations=68 (full 7):
 def new generation   total 40896K, used 8573K [0x10050000, 0x12cb0000, 0x18050000)
  eden space 36352K,  23% used [0x10050000, 0x108af600, 0x123d0000)
  from space 4544K,   0% used [0x123d0000, 0x123d0000, 0x12840000)
  to   space 4544K,   0% used [0x12840000, 0x12840000, 0x12cb0000)
 tenured generation   total 90796K, used 54131K [0x18050000, 0x1d8fb000, 0x28050000)
   the space 90796K,  59% used [0x18050000, 0x1b52cda0, 0x1b52ce00, 0x1d8fb000)
 compacting perm gen  total 46848K, used 46817K [0x28050000, 0x2ae10000, 0x38050000)
   the space 46848K,  99% used [0x28050000, 0x2ae08698, 0x2ae08800, 0x2ae10000)
No shared spaces configured.

