# JRE version: 7.0_04-b22
# Java VM: Java HotSpot(TM) Client VM (23.0-b21 mixed mode windows-x86 )
Heap
 def new generation   total 72640K, used 64576K [0x10050000, 0x14f20000, 0x18050000)
  eden space 64576K, 100% used [0x10050000, 0x13f60000, 0x13f60000)
  from space 8064K,   0% used [0x14740000, 0x14740000, 0x14f20000)
  to   space 8064K,   3% used [0x13f60000, 0x13fadde8, 0x14740000)
 tenured generation   total 161344K, used 95909K [0x18050000, 0x21de0000, 0x28050000)
   the space 161344K,  59% used [0x18050000, 0x1ddf9768, 0x1ddf9800, 0x21de0000)
 compacting perm gen  total 59136K, used 58955K [0x28050000, 0x2ba10000, 0x38050000)
   the space 59136K,  99% used [0x28050000, 0x2b9e2d50, 0x2b9e2e00, 0x2ba10000)
GC Heap History (10 events):
Event: 1590.461 GC heap after
Heap after GC invocations=115 (full 17):
 def new generation   total 72640K, used 3360K [0x10050000, 0x14f20000, 0x18050000)
  eden space 64576K,   0% used [0x10050000, 0x10050000, 0x13f60000)
  from space 8064K,  41% used [0x13f60000, 0x142a80a8, 0x14740000)
  to   space 8064K,   0% used [0x14740000, 0x14740000, 0x14f20000)
 tenured generation   total 161344K, used 113000K [0x18050000, 0x21de0000, 0x28050000)
   the space 161344K,  70% used [0x18050000, 0x1eeaa370, 0x1eeaa400, 0x21de0000)
 compacting perm gen  total 57088K, used 56994K [0x28050000, 0x2b810000, 0x38050000)
   the space 57088K,  99% used [0x28050000, 0x2b7f8908, 0x2b7f8a00, 0x2b810000)
No shared spaces configured.
}
Event: 1611.660 GC heap before
{Heap before GC invocations=115 (full 17):
 def new generation   total 72640K, used 67936K [0x10050000, 0x14f20000, 0x18050000)
  eden space 64576K, 100% used [0x10050000, 0x13f60000, 0x13f60000)
  from space 8064K,  41% used [0x13f60000, 0x142a80a8, 0x14740000)
  to   space 8064K,   0% used [0x14740000, 0x14740000, 0x14f20000)
 tenured generation   total 161344K, used 113000K [0x18050000, 0x21de0000, 0x28050000)
   the space 161344K,  70% used [0x18050000, 0x1eeaa370, 0x1eeaa400, 0x21de0000)
 compacting perm gen  total 57088K, used 57011K [0x28050000, 0x2b810000, 0x38050000)
   the space 57088K,  99% used [0x28050000, 0x2b7fcdb0, 0x2b7fce00, 0x2b810000)
No shared spaces configured.
Event: 1611.683 GC heap after
Heap after GC invocations=116 (full 17):
 def new generation   total 72640K, used 3357K [0x10050000, 0x14f20000, 0x18050000)
  eden space 64576K,   0% used [0x10050000, 0x10050000, 0x13f60000)
  from space 8064K,  41% used [0x14740000, 0x14a875a8, 0x14f20000)
  to   space 8064K,   0% used [0x13f60000, 0x13f60000, 0x14740000)
 tenured generation   total 161344K, used 113000K [0x18050000, 0x21de0000, 0x28050000)
   the space 161344K,  70% used [0x18050000, 0x1eeaa370, 0x1eeaa400, 0x21de0000)
 compacting perm gen  total 57088K, used 57011K [0x28050000, 0x2b810000, 0x38050000)
   the space 57088K,  99% used [0x28050000, 0x2b7fcdb0, 0x2b7fce00, 0x2b810000)
No shared spaces configured.
}
Event: 1621.964 GC heap before
{Heap before GC invocations=116 (full 17):
 def new generation   total 72640K, used 67933K [0x10050000, 0x14f20000, 0x18050000)
  eden space 64576K, 100% used [0x10050000, 0x13f60000, 0x13f60000)
  from space 8064K,  41% used [0x14740000, 0x14a875a8, 0x14f20000)
  to   space 8064K,   0% used [0x13f60000, 0x13f60000, 0x14740000)
 tenured generation   total 161344K, used 113000K [0x18050000, 0x21de0000, 0x28050000)
   the space 161344K,  70% used [0x18050000, 0x1eeaa370, 0x1eeaa400, 0x21de0000)
 compacting perm gen  total 57088K, used 57011K [0x28050000, 0x2b810000, 0x38050000)
   the space 57088K,  99% used [0x28050000, 0x2b7fcdb0, 0x2b7fce00, 0x2b810000)
No shared spaces configured.
Event: 1621.991 GC heap after
Heap after GC invocations=117 (full 17):
 def new generation   total 72640K, used 3783K [0x10050000, 0x14f20000, 0x18050000)
  eden space 64576K,   0% used [0x10050000, 0x10050000, 0x13f60000)
  from space 8064K,  46% used [0x13f60000, 0x14311fd8, 0x14740000)
  to   space 8064K,   0% used [0x14740000, 0x14740000, 0x14f20000)
 tenured generation   total 161344K, used 113000K [0x18050000, 0x21de0000, 0x28050000)
   the space 161344K,  70% used [0x18050000, 0x1eeaa370, 0x1eeaa400, 0x21de0000)
 compacting perm gen  total 57088K, used 57011K [0x28050000, 0x2b810000, 0x38050000)
   the space 57088K,  99% used [0x28050000, 0x2b7fcdb0, 0x2b7fce00, 0x2b810000)
No shared spaces configured.
}
Event: 1642.055 GC heap before
{Heap before GC invocations=117 (full 17):
 def new generation   total 72640K, used 68349K [0x10050000, 0x14f20000, 0x18050000)
  eden space 64576K,  99% used [0x10050000, 0x13f5d520, 0x13f60000)
  from space 8064K,  46% used [0x13f60000, 0x14311fd8, 0x14740000)
  to   space 8064K,   0% used [0x14740000, 0x14740000, 0x14f20000)
 tenured generation   total 161344K, used 113000K [0x18050000, 0x21de0000, 0x28050000)
   the space 161344K,  70% used [0x18050000, 0x1eeaa370, 0x1eeaa400, 0x21de0000)
 compacting perm gen  total 57344K, used 57238K [0x28050000, 0x2b850000, 0x38050000)
   the space 57344K,  99% used [0x28050000, 0x2b835b48, 0x2b835c00, 0x2b850000)
No shared spaces configured.
Event: 1642.102 GC heap after
Heap after GC invocations=118 (full 17):
 def new generation   total 72640K, used 8064K [0x10050000, 0x14f20000, 0x18050000)
  eden space 64576K,   0% used [0x10050000, 0x10050000, 0x13f60000)
  from space 8064K, 100% used [0x14740000, 0x14f20000, 0x14f20000)
  to   space 8064K,   0% used [0x13f60000, 0x13f60000, 0x14740000)
 tenured generation   total 161344K, used 118048K [0x18050000, 0x21de0000, 0x28050000)
   the space 161344K,  73% used [0x18050000, 0x1f3981b8, 0x1f398200, 0x21de0000)
 compacting perm gen  total 57344K, used 57238K [0x28050000, 0x2b850000, 0x38050000)
   the space 57344K,  99% used [0x28050000, 0x2b835b48, 0x2b835c00, 0x2b850000)
No shared spaces configured.
}
Event: 1643.064 GC heap before
{Heap before GC invocations=118 (full 17):
 def new generation   total 72640K, used 42085K [0x10050000, 0x14f20000, 0x18050000)
  eden space 64576K,  52% used [0x10050000, 0x121897a0, 0x13f60000)
  from space 8064K, 100% used [0x14740000, 0x14f20000, 0x14f20000)
  to   space 8064K,   0% used [0x13f60000, 0x13f60000, 0x14740000)
 tenured generation   total 161344K, used 118048K [0x18050000, 0x21de0000, 0x28050000)
   the space 161344K,  73% used [0x18050000, 0x1f3981b8, 0x1f398200, 0x21de0000)
 compacting perm gen  total 58624K, used 58623K [0x28050000, 0x2b990000, 0x38050000)
   the space 58624K,  99% used [0x28050000, 0x2b98ff08, 0x2b990000, 0x2b990000)
No shared spaces configured.
Event: 1643.609 GC heap after
Heap after GC invocations=119 (full 18):
 def new generation   total 72640K, used 0K [0x10050000, 0x14f20000, 0x18050000)
  eden space 64576K,   0% used [0x10050000, 0x10050000, 0x13f60000)
  from space 8064K,   0% used [0x14740000, 0x14740000, 0x14f20000)
  to   space 8064K,   0% used [0x13f60000, 0x13f60000, 0x14740000)
 tenured generation   total 161344K, used 95909K [0x18050000, 0x21de0000, 0x28050000)
   the space 161344K,  59% used [0x18050000, 0x1ddf9768, 0x1ddf9800, 0x21de0000)
 compacting perm gen  total 58624K, used 58623K [0x28050000, 0x2b990000, 0x38050000)
   the space 58624K,  99% used [0x28050000, 0x2b98ff08, 0x2b990000, 0x2b990000)
No shared spaces configured.
}
Event: 1653.699 GC heap before
{Heap before GC invocations=119 (full 18):
 def new generation   total 72640K, used 64576K [0x10050000, 0x14f20000, 0x18050000)
  eden space 64576K, 100% used [0x10050000, 0x13f60000, 0x13f60000)
  from space 8064K,   0% used [0x14740000, 0x14740000, 0x14f20000)
  to   space 8064K,   0% used [0x13f60000, 0x13f60000, 0x14740000)
 tenured generation   total 161344K, used 95909K [0x18050000, 0x21de0000, 0x28050000)
   the space 161344K,  59% used [0x18050000, 0x1ddf9768, 0x1ddf9800, 0x21de0000)
 compacting perm gen  total 59136K, used 58955K [0x28050000, 0x2ba10000, 0x38050000)
   the space 59136K,  99% used [0x28050000, 0x2b9e2d50, 0x2b9e2e00, 0x2ba10000)
No shared spaces configured.

